#
# There is insufficient memory for the Java Runtime Environment to continue.
# Native memory allocation (mmap) failed to map 1870659584 bytes for G1 virtual space
# Possible reasons:
#   The system is out of physical RAM or swap space
#   The process is running with CompressedOops enabled, and the Java Heap may be blocking the growth of the native heap
# Possible solutions:
#   Reduce memory load on the system
#   Increase physical memory or swap space
#   Check if swap backing store is full
#   Decrease Java heap size (-Xmx/-Xms)
#   Decrease number of Java threads
#   Decrease Java thread stack sizes (-Xss)
#   Set larger code cache with -XX:ReservedCodeCacheSize=
#   JVM is running with Unscaled Compressed Oops mode in which the Java heap is
#     placed in the first 4GB address space. The Java Heap base address is the
#     maximum limit for the native heap growth. Please use -XX:HeapBaseMinAddress
#     to set the Java Heap base and to place the Java Heap above 4GB virtual address.
# This output file may be truncated or incomplete.
#
#  Out of Memory Error (./open/src/hotspot/os/windows/os_windows.cpp:3472), pid=13320, tid=7812
#
# JRE version: Java(TM) SE Runtime Environment (15.0.1+9) (build 15.0.1+9-18)
# Java VM: Java HotSpot(TM) 64-Bit Server VM (15.0.1+9-18, mixed mode, sharing, tiered, compressed oops, g1 gc, windows-amd64)
# No core dump will be written. Minidumps are not enabled by default on client versions of Windows
#

---------------  S U M M A R Y ------------

Command Line: -Dfile.encoding=UTF-8 --module-path=C:\Users\Usuario\OneDrive - UNIVERSIDAD DE HUELVA\Escritorio\Practica1AMC\build\classes practica1amc.main

Host: Intel(R) Core(TM) i3-7020U CPU @ 2.30GHz, 4 cores, 7G,  Windows 10 , 64 bit Build 19041 (10.0.19041.1348)
Time: Thu Nov 25 21:03:39 2021 Hora estándar romance elapsed time: 10.841832 seconds (0d 0h 0m 10s)

---------------  T H R E A D  ---------------

Current thread (0x000001ff7da780f0):  VMThread "VM Thread" [stack: 0x000000f3ad200000,0x000000f3ad300000] [id=7812]

Stack: [0x000000f3ad200000,0x000000f3ad300000]
[error occurred during error reporting (printing stack bounds), id 0xc0000005, EXCEPTION_ACCESS_VIOLATION (0xc0000005) at pc=0x000001ff000010ad]

Native frames: (J=compiled Java code, j=interpreted, Vv=VM code, C=native code)
V  [jvm.dll+0x62ae9a]
V  [jvm.dll+0x781389]
V  [jvm.dll+0x782ae3]
V  [jvm.dll+0x7830a5]
V  [jvm.dll+0x78305b]
V  [jvm.dll+0x62a2b9]
V  [jvm.dll+0x62aa88]
C  [ntdll.dll+0xa20cf]
C  [ntdll.dll+0x51454]
C  [ntdll.dll+0xa0bfe]
C  0x000001ff000010ad

VM_Operation (0x000000f3accff140): G1CollectForAllocation, mode: safepoint, requested by thread 0x000001ff6ece1690


---------------  P R O C E S S  ---------------

Threads class SMR info:
_java_thread_list=0x000001ff7e54cdb0, length=11, elements={
0x000001ff6ece1690, 0x000001ff7da7b790, 0x000001ff7da7c360, 0x000001ff7da94b40,
0x000001ff7da97500, 0x000001ff7da996d0, 0x000001ff7da9f8c0, 0x000001ff7daa12c0,
0x000001ff7daaabe0, 0x000001ff7da6f060, 0x000001ff7e575a60
}

Java Threads: ( => current thread )
  0x000001ff6ece1690 JavaThread "main" [_thread_blocked, id=9572, stack(0x000000f3acc00000,0x000000f3acd00000)]
  0x000001ff7da7b790 JavaThread "Reference Handler" daemon [_thread_blocked, id=5384, stack(0x000000f3ad300000,0x000000f3ad400000)]
  0x000001ff7da7c360 JavaThread "Finalizer" daemon [_thread_blocked, id=1532, stack(0x000000f3ad400000,0x000000f3ad500000)]
  0x000001ff7da94b40 JavaThread "Signal Dispatcher" daemon [_thread_blocked, id=7720, stack(0x000000f3ad500000,0x000000f3ad600000)]
  0x000001ff7da97500 JavaThread "Attach Listener" daemon [_thread_blocked, id=1212, stack(0x000000f3ad600000,0x000000f3ad700000)]
  0x000001ff7da996d0 JavaThread "Service Thread" daemon [_thread_blocked, id=13044, stack(0x000000f3ad700000,0x000000f3ad800000)]
  0x000001ff7da9f8c0 JavaThread "C2 CompilerThread0" daemon [_thread_blocked, id=6976, stack(0x000000f3ad800000,0x000000f3ad900000)]
  0x000001ff7daa12c0 JavaThread "C1 CompilerThread0" daemon [_thread_blocked, id=10504, stack(0x000000f3ad900000,0x000000f3ada00000)]
  0x000001ff7daaabe0 JavaThread "Sweeper thread" daemon [_thread_blocked, id=6572, stack(0x000000f3ada00000,0x000000f3adb00000)]
  0x000001ff7da6f060 JavaThread "Common-Cleaner" daemon [_thread_blocked, id=12192, stack(0x000000f3adb00000,0x000000f3adc00000)]
  0x000001ff7e575a60 JavaThread "Notification Thread" daemon [_thread_blocked, id=9200, stack(0x000000f3adc00000,0x000000f3add00000)]

Other Threads:
=>0x000001ff7da780f0 VMThread "VM Thread" [stack: 0x000000f3ad200000,0x000000f3ad300000] [id=7812]
  0x000001ff6ece27c0 WatcherThread [stack: 0x000000f3add00000,0x000000f3ade00000] [id=11976]
  0x000001ff6ed204f0 GCTaskThread "GC Thread#0" [stack: 0x000000f3acd00000,0x000000f3ace00000] [id=7536]
  0x000001ff7e555330 GCTaskThread "GC Thread#1" [stack: 0x000000f3ade00000,0x000000f3adf00000] [id=6428]
  0x000001ff6ed30440 ConcurrentGCThread "G1 Main Marker" [stack: 0x000000f3ace00000,0x000000f3acf00000] [id=10212]
  0x000001ff6ed31030 ConcurrentGCThread "G1 Conc#0" [stack: 0x000000f3acf00000,0x000000f3ad000000] [id=13300]
  0x000001ff6ed9c070 ConcurrentGCThread "G1 Refine#0" [stack: 0x000000f3ad000000,0x000000f3ad100000] [id=9688]
  0x000001ff6ed9cc70 ConcurrentGCThread "G1 Young RemSet Sampling" [stack: 0x000000f3ad100000,0x000000f3ad200000] [id=1904]

Threads with active compile tasks:

VM state: at safepoint (normal execution)

VM Mutex/Monitor currently owned by a thread:  ([mutex/lock_event])
[0x000001ff6ecdc6b0] Threads_lock - owner thread: 0x000001ff7da780f0
[0x000001ff6ecdc740] Heap_lock - owner thread: 0x000001ff6ece1690

Heap address: 0x0000000089000000, size: 1904 MB, Compressed Oops mode: 32-bit
CDS archive(s) mapped at: [0x0000000800000000-0x0000000800b50000-0x0000000800b50000), size 11862016, SharedBaseAddress: 0x0000000800000000, ArchiveRelocationMode: 0.
Compressed class space mapped at: 0x0000000800b50000-0x0000000840b50000, size: 1073741824
Narrow klass base: 0x0000000800000000, Narrow klass shift: 3, Narrow klass range: 0x100000000

GC Precious Log:
 CPUs: 4 total, 4 available
 Memory: 7611M
 Large Page Support: Disabled
 NUMA Support: Disabled
 Compressed Oops: Enabled (32-bit)
 Heap Region Size: 1M
 Heap Min Capacity: 8M
 Heap Initial Capacity: 120M
 Heap Max Capacity: 1904M
 Pre-touch: Disabled
 Parallel Workers: 4
 Concurrent Workers: 1
 Concurrent Refinement Workers: 4
 Periodic GC: Disabled

Heap:
 garbage-first heap   total 1949696K, used 1121K [0x0000000089000000, 0x0000000100000000)
  region size 1024K, 0 young (0K), 0 survivors (0K)
 Metaspace       used 794K, capacity 4577K, committed 4864K, reserved 1056768K
  class space    used 80K, capacity 391K, committed 512K, reserved 1048576K

Heap Regions: E=young(eden), S=young(survivor), O=old, HS=humongous(starts), HC=humongous(continues), CS=collection set, F=free, OA=open archive, CA=closed archive, TAMS=top-at-mark-start (previous, next)
|   0|0x0000000089000000, 0x0000000089100000, 0x0000000089100000|100%| O|  |TAMS 0x0000000089000000, 0x0000000089000000| Untracked 
|   1|0x0000000089100000, 0x0000000089118400, 0x0000000089200000|  9%| O|  |TAMS 0x0000000089100000, 0x0000000089100000| Untracked 
|   2|0x0000000089200000, 0x0000000089200000, 0x0000000089300000|  0%| F|  |TAMS 0x0000000089200000, 0x0000000089200000| Untracked 
|   3|0x0000000089300000, 0x0000000089300000, 0x0000000089400000|  0%| F|  |TAMS 0x0000000089300000, 0x0000000089300000| Untracked 
|   4|0x0000000089400000, 0x0000000089400000, 0x0000000089500000|  0%| F|  |TAMS 0x0000000089400000, 0x0000000089400000| Untracked 
|   5|0x0000000089500000, 0x0000000089500000, 0x0000000089600000|  0%| F|  |TAMS 0x0000000089500000, 0x0000000089500000| Untracked 
|   6|0x0000000089600000, 0x0000000089600000, 0x0000000089700000|  0%| F|  |TAMS 0x0000000089600000, 0x0000000089600000| Untracked 
|   7|0x0000000089700000, 0x0000000089700000, 0x0000000089800000|  0%| F|  |TAMS 0x0000000089700000, 0x0000000089700000| Untracked 
|   8|0x0000000089800000, 0x0000000089800000, 0x0000000089900000|  0%| F|  |TAMS 0x0000000089800000, 0x0000000089800000| Untracked 
|   9|0x0000000089900000, 0x0000000089900000, 0x0000000089a00000|  0%| F|  |TAMS 0x0000000089900000, 0x0000000089900000| Untracked 
|  10|0x0000000089a00000, 0x0000000089a00000, 0x0000000089b00000|  0%| F|  |TAMS 0x0000000089a00000, 0x0000000089a00000| Untracked 
|  11|0x0000000089b00000, 0x0000000089b00000, 0x0000000089c00000|  0%| F|  |TAMS 0x0000000089b00000, 0x0000000089b00000| Untracked 
|  12|0x0000000089c00000, 0x0000000089c00000, 0x0000000089d00000|  0%| F|  |TAMS 0x0000000089c00000, 0x0000000089c00000| Untracked 
|  13|0x0000000089d00000, 0x0000000089d00000, 0x0000000089e00000|  0%| F|  |TAMS 0x0000000089d00000, 0x0000000089d00000| Untracked 
|  14|0x0000000089e00000, 0x0000000089e00000, 0x0000000089f00000|  0%| F|  |TAMS 0x0000000089e00000, 0x0000000089e00000| Untracked 
|  15|0x0000000089f00000, 0x0000000089f00000, 0x000000008a000000|  0%| F|  |TAMS 0x0000000089f00000, 0x0000000089f00000| Untracked 
|  16|0x000000008a000000, 0x000000008a000000, 0x000000008a100000|  0%| F|  |TAMS 0x000000008a000000, 0x000000008a000000| Untracked 
|  17|0x000000008a100000, 0x000000008a100000, 0x000000008a200000|  0%| F|  |TAMS 0x000000008a100000, 0x000000008a100000| Untracked 
|  18|0x000000008a200000, 0x000000008a200000, 0x000000008a300000|  0%| F|  |TAMS 0x000000008a200000, 0x000000008a200000| Untracked 
|  19|0x000000008a300000, 0x000000008a300000, 0x000000008a400000|  0%| F|  |TAMS 0x000000008a300000, 0x000000008a300000| Untracked 
|  20|0x000000008a400000, 0x000000008a400000, 0x000000008a500000|  0%| F|  |TAMS 0x000000008a400000, 0x000000008a400000| Untracked 
|  21|0x000000008a500000, 0x000000008a500000, 0x000000008a600000|  0%| F|  |TAMS 0x000000008a500000, 0x000000008a500000| Untracked 
|  22|0x000000008a600000, 0x000000008a600000, 0x000000008a700000|  0%| F|  |TAMS 0x000000008a600000, 0x000000008a600000| Untracked 
|  23|0x000000008a700000, 0x000000008a700000, 0x000000008a800000|  0%| F|  |TAMS 0x000000008a700000, 0x000000008a700000| Untracked 
|  24|0x000000008a800000, 0x000000008a800000, 0x000000008a900000|  0%| F|  |TAMS 0x000000008a800000, 0x000000008a800000| Untracked 
|  25|0x000000008a900000, 0x000000008a900000, 0x000000008aa00000|  0%| F|  |TAMS 0x000000008a900000, 0x000000008a900000| Untracked 
|  26|0x000000008aa00000, 0x000000008aa00000, 0x000000008ab00000|  0%| F|  |TAMS 0x000000008aa00000, 0x000000008aa00000| Untracked 
|  27|0x000000008ab00000, 0x000000008ab00000, 0x000000008ac00000|  0%| F|  |TAMS 0x000000008ab00000, 0x000000008ab00000| Untracked 
|  28|0x000000008ac00000, 0x000000008ac00000, 0x000000008ad00000|  0%| F|  |TAMS 0x000000008ac00000, 0x000000008ac00000| Untracked 
|  29|0x000000008ad00000, 0x000000008ad00000, 0x000000008ae00000|  0%| F|  |TAMS 0x000000008ad00000, 0x000000008ad00000| Untracked 
|  30|0x000000008ae00000, 0x000000008ae00000, 0x000000008af00000|  0%| F|  |TAMS 0x000000008ae00000, 0x000000008ae00000| Untracked 
|  31|0x000000008af00000, 0x000000008af00000, 0x000000008b000000|  0%| F|  |TAMS 0x000000008af00000, 0x000000008af00000| Untracked 
|  32|0x000000008b000000, 0x000000008b000000, 0x000000008b100000|  0%| F|  |TAMS 0x000000008b000000, 0x000000008b000000| Untracked 
|  33|0x000000008b100000, 0x000000008b100000, 0x000000008b200000|  0%| F|  |TAMS 0x000000008b100000, 0x000000008b100000| Untracked 
|  34|0x000000008b200000, 0x000000008b200000, 0x000000008b300000|  0%| F|  |TAMS 0x000000008b200000, 0x000000008b200000| Untracked 
|  35|0x000000008b300000, 0x000000008b300000, 0x000000008b400000|  0%| F|  |TAMS 0x000000008b300000, 0x000000008b300000| Untracked 
|  36|0x000000008b400000, 0x000000008b400000, 0x000000008b500000|  0%| F|  |TAMS 0x000000008b400000, 0x000000008b400000| Untracked 
|  37|0x000000008b500000, 0x000000008b500000, 0x000000008b600000|  0%| F|  |TAMS 0x000000008b500000, 0x000000008b500000| Untracked 
|  38|0x000000008b600000, 0x000000008b600000, 0x000000008b700000|  0%| F|  |TAMS 0x000000008b600000, 0x000000008b600000| Untracked 
|  39|0x000000008b700000, 0x000000008b700000, 0x000000008b800000|  0%| F|  |TAMS 0x000000008b700000, 0x000000008b700000| Untracked 
|  40|0x000000008b800000, 0x000000008b800000, 0x000000008b900000|  0%| F|  |TAMS 0x000000008b800000, 0x000000008b800000| Untracked 
|  41|0x000000008b900000, 0x000000008b900000, 0x000000008ba00000|  0%| F|  |TAMS 0x000000008b900000, 0x000000008b900000| Untracked 
|  42|0x000000008ba00000, 0x000000008ba00000, 0x000000008bb00000|  0%| F|  |TAMS 0x000000008ba00000, 0x000000008ba00000| Untracked 
|  43|0x000000008bb00000, 0x000000008bb00000, 0x000000008bc00000|  0%| F|  |TAMS 0x000000008bb00000, 0x000000008bb00000| Untracked 
|  44|0x000000008bc00000, 0x000000008bc00000, 0x000000008bd00000|  0%| F|  |TAMS 0x000000008bc00000, 0x000000008bc00000| Untracked 
|  45|0x000000008bd00000, 0x000000008bd00000, 0x000000008be00000|  0%| F|  |TAMS 0x000000008bd00000, 0x000000008bd00000| Untracked 
|  46|0x000000008be00000, 0x000000008be00000, 0x000000008bf00000|  0%| F|  |TAMS 0x000000008be00000, 0x000000008be00000| Untracked 
|  47|0x000000008bf00000, 0x000000008bf00000, 0x000000008c000000|  0%| F|  |TAMS 0x000000008bf00000, 0x000000008bf00000| Untracked 
|  48|0x000000008c000000, 0x000000008c000000, 0x000000008c100000|  0%| F|  |TAMS 0x000000008c000000, 0x000000008c000000| Untracked 
|  49|0x000000008c100000, 0x000000008c100000, 0x000000008c200000|  0%| F|  |TAMS 0x000000008c100000, 0x000000008c100000| Untracked 
|  50|0x000000008c200000, 0x000000008c200000, 0x000000008c300000|  0%| F|  |TAMS 0x000000008c200000, 0x000000008c200000| Untracked 
|  51|0x000000008c300000, 0x000000008c300000, 0x000000008c400000|  0%| F|  |TAMS 0x000000008c300000, 0x000000008c300000| Untracked 
|  52|0x000000008c400000, 0x000000008c400000, 0x000000008c500000|  0%| F|  |TAMS 0x000000008c400000, 0x000000008c400000| Untracked 
|  53|0x000000008c500000, 0x000000008c500000, 0x000000008c600000|  0%| F|  |TAMS 0x000000008c500000, 0x000000008c500000| Untracked 
|  54|0x000000008c600000, 0x000000008c600000, 0x000000008c700000|  0%| F|  |TAMS 0x000000008c600000, 0x000000008c600000| Untracked 
|  55|0x000000008c700000, 0x000000008c700000, 0x000000008c800000|  0%| F|  |TAMS 0x000000008c700000, 0x000000008c700000| Untracked 
|  56|0x000000008c800000, 0x000000008c800000, 0x000000008c900000|  0%| F|  |TAMS 0x000000008c800000, 0x000000008c800000| Untracked 
|  57|0x000000008c900000, 0x000000008c900000, 0x000000008ca00000|  0%| F|  |TAMS 0x000000008c900000, 0x000000008c900000| Untracked 
|  58|0x000000008ca00000, 0x000000008ca00000, 0x000000008cb00000|  0%| F|  |TAMS 0x000000008ca00000, 0x000000008ca00000| Untracked 
|  59|0x000000008cb00000, 0x000000008cb00000, 0x000000008cc00000|  0%| F|  |TAMS 0x000000008cb00000, 0x000000008cb00000| Untracked 
|  60|0x000000008cc00000, 0x000000008cc00000, 0x000000008cd00000|  0%| F|  |TAMS 0x000000008cc00000, 0x000000008cc00000| Untracked 
|  61|0x000000008cd00000, 0x000000008cd00000, 0x000000008ce00000|  0%| F|  |TAMS 0x000000008cd00000, 0x000000008cd00000| Untracked 
|  62|0x000000008ce00000, 0x000000008ce00000, 0x000000008cf00000|  0%| F|  |TAMS 0x000000008ce00000, 0x000000008ce00000| Untracked 
|  63|0x000000008cf00000, 0x000000008cf00000, 0x000000008d000000|  0%| F|  |TAMS 0x000000008cf00000, 0x000000008cf00000| Untracked 
|  64|0x000000008d000000, 0x000000008d000000, 0x000000008d100000|  0%| F|  |TAMS 0x000000008d000000, 0x000000008d000000| Untracked 
|  65|0x000000008d100000, 0x000000008d100000, 0x000000008d200000|  0%| F|  |TAMS 0x000000008d100000, 0x000000008d100000| Untracked 
|  66|0x000000008d200000, 0x000000008d200000, 0x000000008d300000|  0%| F|  |TAMS 0x000000008d200000, 0x000000008d200000| Untracked 
|  67|0x000000008d300000, 0x000000008d300000, 0x000000008d400000|  0%| F|  |TAMS 0x000000008d300000, 0x000000008d300000| Untracked 
|  68|0x000000008d400000, 0x000000008d400000, 0x000000008d500000|  0%| F|  |TAMS 0x000000008d400000, 0x000000008d400000| Untracked 
|  69|0x000000008d500000, 0x000000008d500000, 0x000000008d600000|  0%| F|  |TAMS 0x000000008d500000, 0x000000008d500000| Untracked 
|  70|0x000000008d600000, 0x000000008d600000, 0x000000008d700000|  0%| F|  |TAMS 0x000000008d600000, 0x000000008d600000| Untracked 
|  71|0x000000008d700000, 0x000000008d700000, 0x000000008d800000|  0%| F|  |TAMS 0x000000008d700000, 0x000000008d700000| Untracked 
|  72|0x000000008d800000, 0x000000008d800000, 0x000000008d900000|  0%| F|  |TAMS 0x000000008d800000, 0x000000008d800000| Untracked 
|  73|0x000000008d900000, 0x000000008d900000, 0x000000008da00000|  0%| F|  |TAMS 0x000000008d900000, 0x000000008d900000| Untracked 
|  74|0x000000008da00000, 0x000000008da00000, 0x000000008db00000|  0%| F|  |TAMS 0x000000008da00000, 0x000000008da00000| Untracked 
|  75|0x000000008db00000, 0x000000008db00000, 0x000000008dc00000|  0%| F|  |TAMS 0x000000008db00000, 0x000000008db00000| Untracked 
|  76|0x000000008dc00000, 0x000000008dc00000, 0x000000008dd00000|  0%| F|  |TAMS 0x000000008dc00000, 0x000000008dc00000| Untracked 
|  77|0x000000008dd00000, 0x000000008dd00000, 0x000000008de00000|  0%| F|  |TAMS 0x000000008dd00000, 0x000000008dd00000| Untracked 
|  78|0x000000008de00000, 0x000000008de00000, 0x000000008df00000|  0%| F|  |TAMS 0x000000008de00000, 0x000000008de00000| Untracked 
|  79|0x000000008df00000, 0x000000008df00000, 0x000000008e000000|  0%| F|  |TAMS 0x000000008df00000, 0x000000008df00000| Untracked 
|  80|0x000000008e000000, 0x000000008e000000, 0x000000008e100000|  0%| F|  |TAMS 0x000000008e000000, 0x000000008e000000| Untracked 
|  81|0x000000008e100000, 0x000000008e100000, 0x000000008e200000|  0%| F|  |TAMS 0x000000008e100000, 0x000000008e100000| Untracked 
|  82|0x000000008e200000, 0x000000008e200000, 0x000000008e300000|  0%| F|  |TAMS 0x000000008e200000, 0x000000008e200000| Untracked 
|  83|0x000000008e300000, 0x000000008e300000, 0x000000008e400000|  0%| F|  |TAMS 0x000000008e300000, 0x000000008e300000| Untracked 
|  84|0x000000008e400000, 0x000000008e400000, 0x000000008e500000|  0%| F|  |TAMS 0x000000008e400000, 0x000000008e400000| Untracked 
|  85|0x000000008e500000, 0x000000008e500000, 0x000000008e600000|  0%| F|  |TAMS 0x000000008e500000, 0x000000008e500000| Untracked 
|  86|0x000000008e600000, 0x000000008e600000, 0x000000008e700000|  0%| F|  |TAMS 0x000000008e600000, 0x000000008e600000| Untracked 
|  87|0x000000008e700000, 0x000000008e700000, 0x000000008e800000|  0%| F|  |TAMS 0x000000008e700000, 0x000000008e700000| Untracked 
|  88|0x000000008e800000, 0x000000008e800000, 0x000000008e900000|  0%| F|  |TAMS 0x000000008e800000, 0x000000008e800000| Untracked 
|  89|0x000000008e900000, 0x000000008e900000, 0x000000008ea00000|  0%| F|  |TAMS 0x000000008e900000, 0x000000008e900000| Untracked 
|  90|0x000000008ea00000, 0x000000008ea00000, 0x000000008eb00000|  0%| F|  |TAMS 0x000000008ea00000, 0x000000008ea00000| Untracked 
|  91|0x000000008eb00000, 0x000000008eb00000, 0x000000008ec00000|  0%| F|  |TAMS 0x000000008eb00000, 0x000000008eb00000| Untracked 
|  92|0x000000008ec00000, 0x000000008ec00000, 0x000000008ed00000|  0%| F|  |TAMS 0x000000008ec00000, 0x000000008ec00000| Untracked 
|  93|0x000000008ed00000, 0x000000008ed00000, 0x000000008ee00000|  0%| F|  |TAMS 0x000000008ed00000, 0x000000008ed00000| Untracked 
|  94|0x000000008ee00000, 0x000000008ee00000, 0x000000008ef00000|  0%| F|  |TAMS 0x000000008ee00000, 0x000000008ee00000| Untracked 
|  95|0x000000008ef00000, 0x000000008ef00000, 0x000000008f000000|  0%| F|  |TAMS 0x000000008ef00000, 0x000000008ef00000| Untracked 
|  96|0x000000008f000000, 0x000000008f000000, 0x000000008f100000|  0%| F|  |TAMS 0x000000008f000000, 0x000000008f000000| Untracked 
|  97|0x000000008f100000, 0x000000008f100000, 0x000000008f200000|  0%| F|  |TAMS 0x000000008f100000, 0x000000008f100000| Untracked 
|  98|0x000000008f200000, 0x000000008f200000, 0x000000008f300000|  0%| F|  |TAMS 0x000000008f200000, 0x000000008f200000| Untracked 
|  99|0x000000008f300000, 0x000000008f300000, 0x000000008f400000|  0%| F|  |TAMS 0x000000008f300000, 0x000000008f300000| Untracked 
| 100|0x000000008f400000, 0x000000008f400000, 0x000000008f500000|  0%| F|  |TAMS 0x000000008f400000, 0x000000008f400000| Untracked 
| 101|0x000000008f500000, 0x000000008f500000, 0x000000008f600000|  0%| F|  |TAMS 0x000000008f500000, 0x000000008f500000| Untracked 
| 102|0x000000008f600000, 0x000000008f600000, 0x000000008f700000|  0%| F|  |TAMS 0x000000008f600000, 0x000000008f600000| Untracked 
| 103|0x000000008f700000, 0x000000008f700000, 0x000000008f800000|  0%| F|  |TAMS 0x000000008f700000, 0x000000008f700000| Untracked 
| 104|0x000000008f800000, 0x000000008f800000, 0x000000008f900000|  0%| F|  |TAMS 0x000000008f800000, 0x000000008f800000| Untracked 
| 105|0x000000008f900000, 0x000000008f900000, 0x000000008fa00000|  0%| F|  |TAMS 0x000000008f900000, 0x000000008f900000| Untracked 
| 106|0x000000008fa00000, 0x000000008fa00000, 0x000000008fb00000|  0%| F|  |TAMS 0x000000008fa00000, 0x000000008fa00000| Untracked 
| 107|0x000000008fb00000, 0x000000008fb00000, 0x000000008fc00000|  0%| F|  |TAMS 0x000000008fb00000, 0x000000008fb00000| Untracked 
| 108|0x000000008fc00000, 0x000000008fc00000, 0x000000008fd00000|  0%| F|  |TAMS 0x000000008fc00000, 0x000000008fc00000| Untracked 
| 109|0x000000008fd00000, 0x000000008fd00000, 0x000000008fe00000|  0%| F|  |TAMS 0x000000008fd00000, 0x000000008fd00000| Untracked 
| 110|0x000000008fe00000, 0x000000008fe00000, 0x000000008ff00000|  0%| F|  |TAMS 0x000000008fe00000, 0x000000008fe00000| Untracked 
| 111|0x000000008ff00000, 0x000000008ff00000, 0x0000000090000000|  0%| F|  |TAMS 0x000000008ff00000, 0x000000008ff00000| Untracked 
| 112|0x0000000090000000, 0x0000000090000000, 0x0000000090100000|  0%| F|  |TAMS 0x0000000090000000, 0x0000000090000000| Untracked 
| 113|0x0000000090100000, 0x0000000090100000, 0x0000000090200000|  0%| F|  |TAMS 0x0000000090100000, 0x0000000090100000| Untracked 
| 114|0x0000000090200000, 0x0000000090200000, 0x0000000090300000|  0%| F|  |TAMS 0x0000000090200000, 0x0000000090200000| Untracked 
| 115|0x0000000090300000, 0x0000000090300000, 0x0000000090400000|  0%| F|  |TAMS 0x0000000090300000, 0x0000000090300000| Untracked 
| 116|0x0000000090400000, 0x0000000090400000, 0x0000000090500000|  0%| F|  |TAMS 0x0000000090400000, 0x0000000090400000| Untracked 
| 117|0x0000000090500000, 0x0000000090500000, 0x0000000090600000|  0%| F|  |TAMS 0x0000000090500000, 0x0000000090500000| Untracked 
| 118|0x0000000090600000, 0x0000000090600000, 0x0000000090700000|  0%| F|  |TAMS 0x0000000090600000, 0x0000000090600000| Untracked 
| 119|0x0000000090700000, 0x0000000090700000, 0x0000000090800000|  0%| F|  |TAMS 0x0000000090700000, 0x0000000090700000| Untracked 

Card table byte_map: [0x000001ff772e0000,0x000001ff776a0000] _byte_map_base: 0x000001ff76e98000

Marking Bits (Prev, Next): (CMBitMap*) 0x000001ff6ed20ce0, (CMBitMap*) 0x000001ff6ed20d20
 Prev Bits: [0x000001ff77a60000, 0x000001ff79820000)
 Next Bits: [0x000001ff79820000, 0x000001ff7b5e0000)

Polling page: 0x000001ff6cc20000

Metaspace:

Usage:
  Non-class:      4.09 MB capacity,   714.07 KB ( 17%) used,     3.39 MB ( 83%) free+waste,   640 bytes ( <1%) overhead. 
      Class:    391.00 KB capacity,    80.41 KB ( 21%) used,   310.28 KB ( 79%) free+waste,   320 bytes ( <1%) overhead. 
       Both:      4.47 MB capacity,   794.48 KB ( 17%) used,     3.69 MB ( 83%) free+waste,   960 bytes ( <1%) overhead. 

Virtual space:
  Non-class space:        8.00 MB reserved,       4.25 MB ( 53%) committed 
      Class space:        1.00 GB reserved,     512.00 KB ( <1%) committed 
             Both:        1.01 GB reserved,       4.75 MB ( <1%) committed 

Chunk freelists:
   Non-Class:  38.00 KB
       Class:  1.00 KB
        Both:  39.00 KB

MaxMetaspaceSize: 17179869184.00 GB
CompressedClassSpaceSize: 1.00 GB

CodeHeap 'non-profiled nmethods': size=120000Kb used=86Kb max_used=86Kb free=119913Kb
 bounds [0x000001ff07ad0000, 0x000001ff07d40000, 0x000001ff0f000000]
CodeHeap 'profiled nmethods': size=120000Kb used=319Kb max_used=319Kb free=119680Kb
 bounds [0x000001ff005a0000, 0x000001ff00810000, 0x000001ff07ad0000]
CodeHeap 'non-nmethods': size=5760Kb used=1115Kb max_used=1129Kb free=4644Kb
 bounds [0x000001ff00000000, 0x000001ff00270000, 0x000001ff005a0000]
 total_blobs=634 nmethods=276 adapters=271
 compilation: enabled
              stopped_count=0, restarted_count=0
 full_count=0

Compilation events (20 events):
Event: 0.163 Thread 0x000001ff7daa12c0 nmethod 266 0x000001ff005ebe90 code [0x000001ff005ec040, 0x000001ff005ec2a8]
Event: 0.163 Thread 0x000001ff7daa12c0  268       3       java.util.regex.Pattern::read (33 bytes)
Event: 0.163 Thread 0x000001ff7daa12c0 nmethod 268 0x000001ff005ec410 code [0x000001ff005ec5c0, 0x000001ff005ec828]
Event: 0.163 Thread 0x000001ff7da9f8c0 nmethod 267 0x000001ff07ae4b10 code [0x000001ff07ae4c80, 0x000001ff07ae4cd8]
Event: 1.273 Thread 0x000001ff7daa12c0  269       3       java.util.regex.ASCII::isType (15 bytes)
Event: 1.273 Thread 0x000001ff7da9f8c0  272       4       java.lang.String::length (11 bytes)
Event: 1.273 Thread 0x000001ff7daa12c0 nmethod 269 0x000001ff005ec990 code [0x000001ff005ecb40, 0x000001ff005ecd58]
Event: 1.273 Thread 0x000001ff7daa12c0  270       3       java.util.regex.ASCII::getType (17 bytes)
Event: 1.274 Thread 0x000001ff7daa12c0 nmethod 270 0x000001ff005ece90 code [0x000001ff005ed020, 0x000001ff005ed198]
Event: 1.274 Thread 0x000001ff7daa12c0  271       3       java.util.regex.ASCII::isAlpha (8 bytes)
Event: 1.274 Thread 0x000001ff7daa12c0 nmethod 271 0x000001ff005ed290 code [0x000001ff005ed440, 0x000001ff005ed6b8]
Event: 1.274 Thread 0x000001ff7daa12c0  273       3       java.util.regex.Pattern::range (294 bytes)
Event: 1.274 Thread 0x000001ff7da9f8c0 nmethod 272 0x000001ff07ae4e10 code [0x000001ff07ae4f80, 0x000001ff07ae4ff8]
Event: 1.276 Thread 0x000001ff7daa12c0 nmethod 273 0x000001ff005ed810 code [0x000001ff005edc00, 0x000001ff005ef3d8]
Event: 1.276 Thread 0x000001ff7daa12c0  274       1       java.util.ArrayList::size (5 bytes)
Event: 1.276 Thread 0x000001ff7daa12c0 nmethod 274 0x000001ff07ae5110 code [0x000001ff07ae52a0, 0x000001ff07ae5358]
Event: 10.819 Thread 0x000001ff7daa12c0  275       1       java.nio.Buffer::limit (5 bytes)
Event: 10.819 Thread 0x000001ff7daa12c0 nmethod 275 0x000001ff07ae5410 code [0x000001ff07ae55a0, 0x000001ff07ae5658]
Event: 10.819 Thread 0x000001ff7daa12c0  276       1       java.nio.Buffer::position (5 bytes)
Event: 10.819 Thread 0x000001ff7daa12c0 nmethod 276 0x000001ff07ae5710 code [0x000001ff07ae58a0, 0x000001ff07ae5958]

GC Heap History (4 events):
Event: 10.820 GC heap before
{Heap before GC invocations=0 (full 0):
 garbage-first heap   total 122880K, used 2048K [0x0000000089000000, 0x0000000100000000)
  region size 1024K, 3 young (3072K), 0 survivors (0K)
 Metaspace       used 794K, capacity 4577K, committed 4864K, reserved 1056768K
  class space    used 80K, capacity 391K, committed 512K, reserved 1048576K
}
Event: 10.824 GC heap after
{Heap after GC invocations=1 (full 0):
 garbage-first heap   total 122880K, used 1116K [0x0000000089000000, 0x0000000100000000)
  region size 1024K, 2 young (2048K), 2 survivors (2048K)
 Metaspace       used 794K, capacity 4577K, committed 4864K, reserved 1056768K
  class space    used 80K, capacity 391K, committed 512K, reserved 1048576K
}
Event: 10.825 GC heap before
{Heap before GC invocations=1 (full 0):
 garbage-first heap   total 122880K, used 1116K [0x0000000089000000, 0x0000000100000000)
  region size 1024K, 2 young (2048K), 2 survivors (2048K)
 Metaspace       used 794K, capacity 4577K, committed 4864K, reserved 1056768K
  class space    used 80K, capacity 391K, committed 512K, reserved 1048576K
}
Event: 10.828 GC heap after
{Heap after GC invocations=2 (full 0):
 garbage-first heap   total 122880K, used 1121K [0x0000000089000000, 0x0000000100000000)
  region size 1024K, 0 young (0K), 0 survivors (0K)
 Metaspace       used 794K, capacity 4577K, committed 4864K, reserved 1056768K
  class space    used 80K, capacity 391K, committed 512K, reserved 1048576K
}

Deoptimization events (4 events):
Event: 0.089 Thread 0x000001ff6ece1690 Uncommon trap: trap_request=0xffffff45 fr.pc=0x000001ff07ad5958 relative=0x0000000000000058
Event: 0.089 Thread 0x000001ff6ece1690 Uncommon trap: reason=unstable_if action=reinterpret pc=0x000001ff07ad5958 method=java.lang.String.isLatin1()Z @ 10 c2
Event: 0.089 Thread 0x000001ff6ece1690 DEOPT PACKING pc=0x000001ff07ad5958 sp=0x000000f3accfcf90
Event: 0.089 Thread 0x000001ff6ece1690 DEOPT UNPACKING pc=0x000001ff0004e42f sp=0x000000f3accfcf20 mode 2

Classes unloaded (0 events):
No events

Classes redefined (0 events):
No events

Internal exceptions (5 events):
Event: 0.095 Thread 0x000001ff6ece1690 Exception <a 'sun/nio/fs/WindowsException'{0x000000009061b608}> (0x000000009061b608) 
thrown [./open/src/hotspot/share/prims/jni.cpp, line 578]
Event: 0.096 Thread 0x000001ff6ece1690 Exception <a 'sun/nio/fs/WindowsException'{0x000000009061bbb8}> (0x000000009061bbb8) 
thrown [./open/src/hotspot/share/prims/jni.cpp, line 578]
Event: 0.098 Thread 0x000001ff6ece1690 Exception <a 'sun/nio/fs/WindowsException'{0x000000009061e130}> (0x000000009061e130) 
thrown [./open/src/hotspot/share/prims/jni.cpp, line 578]
Event: 0.098 Thread 0x000001ff6ece1690 Exception <a 'sun/nio/fs/WindowsException'{0x000000009061ecb8}> (0x000000009061ecb8) 
thrown [./open/src/hotspot/share/prims/jni.cpp, line 578]
Event: 0.098 Thread 0x000001ff6ece1690 Exception <a 'sun/nio/fs/WindowsException'{0x000000009061f870}> (0x000000009061f870) 
thrown [./open/src/hotspot/share/prims/jni.cpp, line 578]

Events (20 events):
Event: 0.147 loading class sun/util/resources/LocaleData$LocaleDataResourceBundleProvider
Event: 0.147 loading class java/util/spi/ResourceBundleProvider
Event: 0.147 loading class java/util/spi/ResourceBundleProvider done
Event: 0.147 loading class sun/util/resources/LocaleData$LocaleDataResourceBundleProvider done
Event: 0.147 loading class sun/util/resources/LocaleData$CommonResourceBundleProvider done
Event: 0.149 loading class sun/util/resources/Bundles$2
Event: 0.149 loading class sun/util/resources/Bundles$2 done
Event: 0.150 loading class java/lang/InstantiationException
Event: 0.151 loading class java/lang/InstantiationException done
Event: 0.151 loading class java/lang/IllegalAccessException
Event: 0.151 loading class java/lang/IllegalAccessException done
Event: 0.151 loading class java/lang/InternalError
Event: 0.151 loading class java/lang/InternalError done
Event: 1.114 Executing VM operation: HandshakeAllThreads
Event: 1.114 Executing VM operation: HandshakeAllThreads done
Event: 1.272 loading class java/util/regex/Pattern$1
Event: 1.272 loading class java/util/regex/Pattern$1 done
Event: 10.820 Executing VM operation: G1TryInitiateConcMark
Event: 10.824 Executing VM operation: G1TryInitiateConcMark done
Event: 10.824 Executing VM operation: G1CollectForAllocation


Dynamic libraries:
0x00007ff7f41e0000 - 0x00007ff7f41ef000 	C:\Program Files\Java\jdk-15.0.1\bin\java.exe
0x00007fff83570000 - 0x00007fff83765000 	C:\WINDOWS\SYSTEM32\ntdll.dll
0x00007fff821e0000 - 0x00007fff8229e000 	C:\WINDOWS\System32\KERNEL32.DLL
0x00007fff811e0000 - 0x00007fff814a8000 	C:\WINDOWS\System32\KERNELBASE.dll
0x00007fff80e60000 - 0x00007fff80f60000 	C:\WINDOWS\System32\ucrtbase.dll
0x00007fff6f490000 - 0x00007fff6f4a9000 	C:\Program Files\Java\jdk-15.0.1\bin\VCRUNTIME140.dll
0x00007fff79760000 - 0x00007fff79778000 	C:\Program Files\Java\jdk-15.0.1\bin\jli.dll
0x00007fff82e20000 - 0x00007fff82ecc000 	C:\WINDOWS\System32\ADVAPI32.dll
0x00007fff81970000 - 0x00007fff81a0e000 	C:\WINDOWS\System32\msvcrt.dll
0x00007fff827c0000 - 0x00007fff8285b000 	C:\WINDOWS\System32\sechost.dll
0x00007fff823d0000 - 0x00007fff824fa000 	C:\WINDOWS\System32\RPCRT4.dll
0x00007fff82610000 - 0x00007fff827b1000 	C:\WINDOWS\System32\USER32.dll
0x00007fff80d20000 - 0x00007fff80d42000 	C:\WINDOWS\System32\win32u.dll
0x00007fff6fd80000 - 0x00007fff7001a000 	C:\WINDOWS\WinSxS\amd64_microsoft.windows.common-controls_6595b64144ccf1df_6.0.19041.1110_none_60b5254171f9507e\COMCTL32.dll
0x00007fff81a10000 - 0x00007fff81a3b000 	C:\WINDOWS\System32\GDI32.dll
0x00007fff80d50000 - 0x00007fff80e5b000 	C:\WINDOWS\System32\gdi32full.dll
0x00007fff81110000 - 0x00007fff811ad000 	C:\WINDOWS\System32\msvcp_win.dll
0x00007fff76d30000 - 0x00007fff76d3a000 	C:\WINDOWS\SYSTEM32\VERSION.dll
0x00007fff816f0000 - 0x00007fff81720000 	C:\WINDOWS\System32\IMM32.DLL
0x00007fff79210000 - 0x00007fff7921c000 	C:\Program Files\Java\jdk-15.0.1\bin\vcruntime140_1.dll
0x00007fff31c90000 - 0x00007fff31d21000 	C:\Program Files\Java\jdk-15.0.1\bin\msvcp140.dll
0x00007fff449a0000 - 0x00007fff454fe000 	C:\Program Files\Java\jdk-15.0.1\bin\server\jvm.dll
0x00007fff83440000 - 0x00007fff83448000 	C:\WINDOWS\System32\PSAPI.DLL
0x00007fff5cc10000 - 0x00007fff5cc37000 	C:\WINDOWS\SYSTEM32\WINMM.dll
0x00007fff68770000 - 0x00007fff68779000 	C:\WINDOWS\SYSTEM32\WSOCK32.dll
0x00007fff82510000 - 0x00007fff8257b000 	C:\WINDOWS\System32\WS2_32.dll
0x00007fff7f510000 - 0x00007fff7f522000 	C:\WINDOWS\SYSTEM32\kernel.appcore.dll
0x00007fff77dc0000 - 0x00007fff77dca000 	C:\Program Files\Java\jdk-15.0.1\bin\jimage.dll
0x00007fff7ea90000 - 0x00007fff7ec74000 	C:\WINDOWS\SYSTEM32\DBGHELP.DLL
0x00007fff68b20000 - 0x00007fff68b4c000 	C:\WINDOWS\SYSTEM32\dbgcore.DLL
0x00007fff80c90000 - 0x00007fff80d13000 	C:\WINDOWS\System32\bcryptPrimitives.dll
0x00007fff68790000 - 0x00007fff687b5000 	C:\Program Files\Java\jdk-15.0.1\bin\java.dll
0x00007fff81aa0000 - 0x00007fff821df000 	C:\WINDOWS\System32\SHELL32.dll
0x00007fff7ec80000 - 0x00007fff7f410000 	C:\WINDOWS\SYSTEM32\windows.storage.dll
0x00007fff830e0000 - 0x00007fff83435000 	C:\WINDOWS\System32\combase.dll
0x00007fff80610000 - 0x00007fff8063e000 	C:\WINDOWS\SYSTEM32\Wldp.dll
0x00007fff81720000 - 0x00007fff817cd000 	C:\WINDOWS\System32\SHCORE.dll
0x00007fff82860000 - 0x00007fff828b5000 	C:\WINDOWS\System32\shlwapi.dll
0x00007fff80bd0000 - 0x00007fff80bef000 	C:\WINDOWS\SYSTEM32\profapi.dll
0x00007fff6ecc0000 - 0x00007fff6ecd9000 	C:\Program Files\Java\jdk-15.0.1\bin\net.dll
0x00007fff6f620000 - 0x00007fff6f72c000 	C:\WINDOWS\SYSTEM32\WINHTTP.dll
0x00007fff80370000 - 0x00007fff803da000 	C:\WINDOWS\system32\mswsock.dll
0x00007fff6df30000 - 0x00007fff6df42000 	C:\Program Files\Java\jdk-15.0.1\bin\nio.dll

dbghelp: loaded successfully - version: 4.0.5 - missing functions: none
symbol engine: initialized successfully - sym options: 0x614 - pdb path: .;C:\Program Files\Java\jdk-15.0.1\bin;C:\WINDOWS\SYSTEM32;C:\WINDOWS\WinSxS\amd64_microsoft.windows.common-controls_6595b64144ccf1df_6.0.19041.1110_none_60b5254171f9507e;C:\Program Files\Java\jdk-15.0.1\bin\server

VM Arguments:
jvm_args: -Dfile.encoding=UTF-8 --module-path=C:\Users\Usuario\OneDrive - UNIVERSIDAD DE HUELVA\Escritorio\Practica1AMC\build\classes 
java_command: practica1amc.main
java_class_path (initial): C:\Users\Usuario\OneDrive - UNIVERSIDAD DE HUELVA\Escritorio\Practica1AMC\build\classes
Launcher Type: SUN_STANDARD

[Global flags]
     intx CICompilerCount                          = 3                                         {product} {ergonomic}
     uint ConcGCThreads                            = 1                                         {product} {ergonomic}
     uint G1ConcRefinementThreads                  = 4                                         {product} {ergonomic}
   size_t G1HeapRegionSize                         = 1048576                                   {product} {ergonomic}
    uintx GCDrainStackTargetSize                   = 64                                        {product} {ergonomic}
   size_t InitialHeapSize                          = 125829120                                 {product} {ergonomic}
   size_t MarkStackSize                            = 4194304                                   {product} {ergonomic}
   size_t MaxHeapSize                              = 1996488704                                {product} {ergonomic}
   size_t MaxNewSize                               = 1197473792                                {product} {ergonomic}
   size_t MinHeapDeltaBytes                        = 1048576                                   {product} {ergonomic}
   size_t MinHeapSize                              = 8388608                                   {product} {ergonomic}
    uintx NonNMethodCodeHeapSize                   = 5832780                                {pd product} {ergonomic}
    uintx NonProfiledCodeHeapSize                  = 122912730                              {pd product} {ergonomic}
    uintx ProfiledCodeHeapSize                     = 122912730                              {pd product} {ergonomic}
    uintx ReservedCodeCacheSize                    = 251658240                              {pd product} {ergonomic}
     bool SegmentedCodeCache                       = true                                      {product} {ergonomic}
   size_t SoftMaxHeapSize                          = 1996488704                             {manageable} {ergonomic}
     bool UseCompressedClassPointers               = true                                 {lp64_product} {ergonomic}
     bool UseCompressedOops                        = true                                 {lp64_product} {ergonomic}
     bool UseG1GC                                  = true                                      {product} {ergonomic}
     bool UseLargePagesIndividualAllocation        = false                                  {pd product} {ergonomic}

Logging:
Log output configuration:
 #0: stdout all=warning uptime,level,tags
 #1: stderr all=off uptime,level,tags

Environment Variables:
JAVA_HOME=C:\Program Files\Java\jdk-15.0.1
CLASSPATH=C:\Program Files\Java\jdk-15.0.1\lib\*.jar
PATH=C:\Program Files\Common Files\Oracle\Java\javapath;C:\Program Files (x86)\Common Files\Oracle\Java\javapath;C:\WINDOWS\system32;C:\WINDOWS;C:\WINDOWS\System32\Wbem;C:\WINDOWS\System32\WindowsPowerShell\v1.0\;C:\WINDOWS\System32\OpenSSH\;C:\Program Files\MATLAB\R2019b\bin;C:\Program Files (x86)\IVI Foundation\VISA\WinNT\Bin\;C:\Program Files\IVI Foundation\VISA\Win64\Bin\;C:\Program Files (x86)\National Instruments\Shared\LabVIEW CLI;C:\Program Files (x86)\IVI Foundation\VISA\WinNT\Bin;C:\Program Files\Java\jdk-15.0.1\bin;C:\Program Files (x86)\PuTTY\;C:\Program Files (x86)\AutoFirmaJA\AutoFirmaJA;C:\Program Files\MySQL\MySQL Shell 8.0\bin\;C:\Users\Usuario\AppData\Local\Microsoft\WindowsApps;
USERNAME=Usuario
OS=Windows_NT
PROCESSOR_IDENTIFIER=Intel64 Family 6 Model 142 Stepping 10, GenuineIntel



---------------  S Y S T E M  ---------------

OS:
 Windows 10 , 64 bit Build 19041 (10.0.19041.1348)
OS uptime: 0 days 5:31 hours

CPU: total 4 (initial active 4) (2 cores per cpu, 2 threads per core) family 6 model 142 stepping 10 microcode 0xb4, cmov, cx8, fxsr, mmx, sse, sse2, sse3, ssse3, sse4.1, sse4.2, popcnt, vzeroupper, avx, avx2, aes, clmul, erms, 3dnowpref, lzcnt, ht, tsc, tscinvbit, bmi1, bmi2, adx, fma, clflush, clflushopt

Memory: 4k page, system-wide physical 7611M (1500M free)
TotalPageFile size 9467M (AvailPageFile size 1207M)
current process WorkingSet (physical memory assigned to process): 35M, peak: 35M
current process commit charge ("private bytes"): 197M, peak: 1981M

vm_info: Java HotSpot(TM) 64-Bit Server VM (15.0.1+9-18) for windows-amd64 JRE (15.0.1+9-18), built on Sep 15 2020 14:43:54 by "mach5one" with unknown MS VC++:1925

END.
